Determining if the pthread_create exist failed with the following output:
Change Dir: /home/drinkingcoder/Documents/Lessons/GPU_Computing/Assignments/Assignment2/Code/cmake-build-debug/CMakeFiles/CMakeTmp

Run Build Command:"/usr/bin/make" "cmTC_de7d1/fast"
/usr/bin/make -f CMakeFiles/cmTC_de7d1.dir/build.make CMakeFiles/cmTC_de7d1.dir/build
make[1]: Entering directory `/home/drinkingcoder/Documents/Lessons/GPU_Computing/Assignments/Assignment2/Code/cmake-build-debug/CMakeFiles/CMakeTmp'
Building C object CMakeFiles/cmTC_de7d1.dir/CheckSymbolExists.c.o
/usr/bin/cc   -fPIC    -o CMakeFiles/cmTC_de7d1.dir/CheckSymbolExists.c.o   -c /home/drinkingcoder/Documents/Lessons/GPU_Computing/Assignments/Assignment2/Code/cmake-build-debug/CMakeFiles/CMakeTmp/CheckSymbolExists.c
Linking C executable cmTC_de7d1
/home/drinkingcoder/Documents/Apps/clion-2017.2.2/bin/cmake/bin/cmake -E cmake_link_script CMakeFiles/cmTC_de7d1.dir/link.txt --verbose=1
/usr/bin/cc -fPIC     -rdynamic CMakeFiles/cmTC_de7d1.dir/CheckSymbolExists.c.o  -o cmTC_de7d1 
CMakeFiles/cmTC_de7d1.dir/CheckSymbolExists.c.o: In function `main':
CheckSymbolExists.c:(.text+0x1b): undefined reference to `pthread_create'
collect2: error: ld returned 1 exit status
make[1]: *** [cmTC_de7d1] Error 1
make[1]: Leaving directory `/home/drinkingcoder/Documents/Lessons/GPU_Computing/Assignments/Assignment2/Code/cmake-build-debug/CMakeFiles/CMakeTmp'
make: *** [cmTC_de7d1/fast] Error 2

File /home/drinkingcoder/Documents/Lessons/GPU_Computing/Assignments/Assignment2/Code/cmake-build-debug/CMakeFiles/CMakeTmp/CheckSymbolExists.c:
/* */
#include <pthread.h>

int main(int argc, char** argv)
{
  (void)argv;
#ifndef pthread_create
  return ((int*)(&pthread_create))[argc];
#else
  (void)argc;
  return 0;
#endif
}

Determining if the function pthread_create exists in the pthreads failed with the following output:
Change Dir: /home/drinkingcoder/Documents/Lessons/GPU_Computing/Assignments/Assignment2/Code/cmake-build-debug/CMakeFiles/CMakeTmp

Run Build Command:"/usr/bin/make" "cmTC_c991e/fast"
/usr/bin/make -f CMakeFiles/cmTC_c991e.dir/build.make CMakeFiles/cmTC_c991e.dir/build
make[1]: Entering directory `/home/drinkingcoder/Documents/Lessons/GPU_Computing/Assignments/Assignment2/Code/cmake-build-debug/CMakeFiles/CMakeTmp'
Building C object CMakeFiles/cmTC_c991e.dir/CheckFunctionExists.c.o
/usr/bin/cc   -fPIC -DCHECK_FUNCTION_EXISTS=pthread_create   -o CMakeFiles/cmTC_c991e.dir/CheckFunctionExists.c.o   -c /home/drinkingcoder/Documents/Apps/clion-2017.2.2/bin/cmake/share/cmake-3.8/Modules/CheckFunctionExists.c
Linking C executable cmTC_c991e
/home/drinkingcoder/Documents/Apps/clion-2017.2.2/bin/cmake/bin/cmake -E cmake_link_script CMakeFiles/cmTC_c991e.dir/link.txt --verbose=1
/usr/bin/cc -fPIC -DCHECK_FUNCTION_EXISTS=pthread_create    -rdynamic CMakeFiles/cmTC_c991e.dir/CheckFunctionExists.c.o  -o cmTC_c991e -lpthreads 
/usr/bin/ld: cannot find -lpthreads
collect2: error: ld returned 1 exit status
make[1]: *** [cmTC_c991e] Error 1
make[1]: Leaving directory `/home/drinkingcoder/Documents/Lessons/GPU_Computing/Assignments/Assignment2/Code/cmake-build-debug/CMakeFiles/CMakeTmp'
make: *** [cmTC_c991e/fast] Error 2


