Determining if the pthread_create exist failed with the following output:
Change Dir: /home/drinkingcoder/Documents/Lessons/GPU_Computing/Assignments/Assignment1/Code/cmake-build-debug/CMakeFiles/CMakeTmp

Run Build Command:"/usr/bin/make" "cmTC_be1e4/fast"
make[1]: Entering directory `/home/drinkingcoder/Documents/Lessons/GPU_Computing/Assignments/Assignment1/Code/cmake-build-debug/CMakeFiles/CMakeTmp'
/usr/bin/make -f CMakeFiles/cmTC_be1e4.dir/build.make CMakeFiles/cmTC_be1e4.dir/build
make[2]: Entering directory `/home/drinkingcoder/Documents/Lessons/GPU_Computing/Assignments/Assignment1/Code/cmake-build-debug/CMakeFiles/CMakeTmp'
Building C object CMakeFiles/cmTC_be1e4.dir/CheckSymbolExists.c.o
/usr/bin/cc   -fPIC    -o CMakeFiles/cmTC_be1e4.dir/CheckSymbolExists.c.o   -c /home/drinkingcoder/Documents/Lessons/GPU_Computing/Assignments/Assignment1/Code/cmake-build-debug/CMakeFiles/CMakeTmp/CheckSymbolExists.c
Linking C executable cmTC_be1e4
/home/drinkingcoder/Documents/Apps/clion-2017.2.2/bin/cmake/bin/cmake -E cmake_link_script CMakeFiles/cmTC_be1e4.dir/link.txt --verbose=1
/usr/bin/cc -fPIC     -rdynamic CMakeFiles/cmTC_be1e4.dir/CheckSymbolExists.c.o  -o cmTC_be1e4 
CMakeFiles/cmTC_be1e4.dir/CheckSymbolExists.c.o: In function `main':
CheckSymbolExists.c:(.text+0x1b): undefined reference to `pthread_create'
collect2: error: ld returned 1 exit status
make[2]: *** [cmTC_be1e4] Error 1
make[2]: Leaving directory `/home/drinkingcoder/Documents/Lessons/GPU_Computing/Assignments/Assignment1/Code/cmake-build-debug/CMakeFiles/CMakeTmp'
make[1]: *** [cmTC_be1e4/fast] Error 2
make[1]: Leaving directory `/home/drinkingcoder/Documents/Lessons/GPU_Computing/Assignments/Assignment1/Code/cmake-build-debug/CMakeFiles/CMakeTmp'

File /home/drinkingcoder/Documents/Lessons/GPU_Computing/Assignments/Assignment1/Code/cmake-build-debug/CMakeFiles/CMakeTmp/CheckSymbolExists.c:
/* */
#include <pthread.h>

int main(int argc, char** argv)
{
  (void)argv;
#ifndef pthread_create
  return ((int*)(&pthread_create))[argc];
#else
  (void)argc;
  return 0;
#endif
}

Determining if the function pthread_create exists in the pthreads failed with the following output:
Change Dir: /home/drinkingcoder/Documents/Lessons/GPU_Computing/Assignments/Assignment1/Code/cmake-build-debug/CMakeFiles/CMakeTmp

Run Build Command:"/usr/bin/make" "cmTC_4cf57/fast"
make[1]: Entering directory `/home/drinkingcoder/Documents/Lessons/GPU_Computing/Assignments/Assignment1/Code/cmake-build-debug/CMakeFiles/CMakeTmp'
/usr/bin/make -f CMakeFiles/cmTC_4cf57.dir/build.make CMakeFiles/cmTC_4cf57.dir/build
make[2]: Entering directory `/home/drinkingcoder/Documents/Lessons/GPU_Computing/Assignments/Assignment1/Code/cmake-build-debug/CMakeFiles/CMakeTmp'
Building C object CMakeFiles/cmTC_4cf57.dir/CheckFunctionExists.c.o
/usr/bin/cc   -fPIC -DCHECK_FUNCTION_EXISTS=pthread_create   -o CMakeFiles/cmTC_4cf57.dir/CheckFunctionExists.c.o   -c /home/drinkingcoder/Documents/Apps/clion-2017.2.2/bin/cmake/share/cmake-3.8/Modules/CheckFunctionExists.c
Linking C executable cmTC_4cf57
/home/drinkingcoder/Documents/Apps/clion-2017.2.2/bin/cmake/bin/cmake -E cmake_link_script CMakeFiles/cmTC_4cf57.dir/link.txt --verbose=1
/usr/bin/cc -fPIC -DCHECK_FUNCTION_EXISTS=pthread_create    -rdynamic CMakeFiles/cmTC_4cf57.dir/CheckFunctionExists.c.o  -o cmTC_4cf57 -lpthreads 
/usr/bin/ld: cannot find -lpthreads
collect2: error: ld returned 1 exit status
make[2]: *** [cmTC_4cf57] Error 1
make[2]: Leaving directory `/home/drinkingcoder/Documents/Lessons/GPU_Computing/Assignments/Assignment1/Code/cmake-build-debug/CMakeFiles/CMakeTmp'
make[1]: *** [cmTC_4cf57/fast] Error 2
make[1]: Leaving directory `/home/drinkingcoder/Documents/Lessons/GPU_Computing/Assignments/Assignment1/Code/cmake-build-debug/CMakeFiles/CMakeTmp'


